----------------------------------------------------------------------------------------------------
------------------------------------ MegaLinter, by OX Security ------------------------------------
----------------------------------------------------------------------------------------------------
 - Image Creation Date: 2024-03-10T20:25:08Z
 - Image Revision: a7a0163b6c8ff7474a283d99a706e27483ddd80f
 - Image Version: v7.10.0
----------------------------------------------------------------------------------------------------
The MegaLinter documentation can be found at:
 - https://megalinter.io/7.10.0
----------------------------------------------------------------------------------------------------
::group::MegaLinter initialization (expand for details)
MegaLinter will analyze workspace [/github/workspace]
GITHUB_REPOSITORY: gregorysprenger/wf-assembly-snps
GITHUB_REF: refs/pull/1/merge
GITHUB_RUN_ID: 8317253805


CLOJURE_CLJSTYLE has been temporary disabled in MegaLinter, please use a previous MegaLinter version or wait for the next one !
MARKDOWN_REMARK_LINT has been temporary disabled in MegaLinter, please use a previous MegaLinter version or wait for the next one !
Skipped linters: ACTION_ACTIONLINT, ANSIBLE_ANSIBLE_LINT, ARM_ARM_TTK, BICEP_BICEP_LINTER, CLOJURE_CLJSTYLE, CLOJURE_CLJ_KONDO, CLOUDFORMATION_CFN_LINT, COFFEE_COFFEELINT, COPYPASTE_JSCPD, CPP_CLANG_FORMAT, CPP_CPPLINT, CSHARP_CSHARPIER, CSHARP_DOTNET_FORMAT, CSHARP_ROSLYNATOR, CSS_SCSS_LINT, CSS_STYLELINT, C_CLANG_FORMAT, C_CPPLINT, DART_DARTANALYZER, DOCKERFILE_HADOLINT, ENV_DOTENV_LINTER, GHERKIN_GHERKIN_LINT, GO_GOLANGCI_LINT, GO_REVIVE, GRAPHQL_GRAPHQL_SCHEMA_LINTER, GROOVY_NPM_GROOVY_LINT, HTML_DJLINT, HTML_HTMLHINT, JAVASCRIPT_ES, JAVASCRIPT_PRETTIER, JAVASCRIPT_STANDARD, JAVA_CHECKSTYLE, JAVA_PMD, JSON_NPM_PACKAGE_JSON_LINT, JSON_V8R, JSX_ESLINT, KOTLIN_KTLINT, KUBERNETES_HELM, KUBERNETES_KUBECONFORM, KUBERNETES_KUBESCAPE, LATEX_CHKTEX, LUA_LUACHECK, MAKEFILE_CHECKMAKE, MARKDOWN_REMARK_LINT, OPENAPI_SPECTRAL, PERL_PERLCRITIC, PHP_PHPCS, PHP_PHPLINT, PHP_PHPSTAN, PHP_PSALM, POWERSHELL_POWERSHELL, POWERSHELL_POWERSHELL_FORMATTER, PROTOBUF_PROTOLINT, PUPPET_PUPPET_LINT, PYTHON_BANDIT, PYTHON_BLACK, PYTHON_FLAKE8, PYTHON_ISORT, PYTHON_MYPY, PYTHON_PYLINT, PYTHON_PYRIGHT, RAKU_RAKU, REPOSITORY_CHECKOV, REPOSITORY_DEVSKIM, REPOSITORY_DUSTILOCK, REPOSITORY_GRYPE, REPOSITORY_KICS, REPOSITORY_SEMGREP, REPOSITORY_SYFT, REPOSITORY_TRIVY, REPOSITORY_TRIVY_SBOM, REPOSITORY_TRUFFLEHOG, RST_RSTCHECK, RST_RSTFMT, RST_RST_LINT, RUBY_RUBOCOP, RUST_CLIPPY, R_LINTR, SALESFORCE_LIGHTNING_FLOW_SCANNER, SALESFORCE_SFDX_SCANNER_APEX, SALESFORCE_SFDX_SCANNER_AURA, SALESFORCE_SFDX_SCANNER_LWC, SCALA_SCALAFIX, SNAKEMAKE_LINT, SNAKEMAKE_SNAKEFMT, SPELL_CSPELL, SPELL_LYCHEE, SPELL_PROSELINT, SPELL_VALE, SQL_SQLFLUFF, SQL_SQL_LINT, SQL_TSQLLINT, SWIFT_SWIFTLINT, TEKTON_TEKTON_LINT, TERRAFORM_TERRAFORM_FMT, TERRAFORM_TERRAGRUNT, TERRAFORM_TERRASCAN, TERRAFORM_TFLINT, TSX_ESLINT, TYPESCRIPT_ES, TYPESCRIPT_PRETTIER, TYPESCRIPT_STANDARD, VBDOTNET_DOTNET_FORMAT, XML_XMLLINT, YAML_V8R, YAML_YAMLLINT
To receive reports as email, please set variable EMAIL_REPORTER_EMAIL
::endgroup::
::group::MegaLinter now collects the files to analyse (expand for details)
Listing all files in directory [/github/workspace], then filter with:
- File extensions: *, .bash, .dash, .json, .json5, .jsonc, .ksh, .md, .py, .sh, .yaml, .yml
- Excluding .gitignored files [0]: 
Kept [76] files on [76] found files

+----MATCHING LINTERS---------------------+----------------------+----------------+------------+
| Descriptor   | Linter                   | Criteria             | Matching files | Format/Fix |
+--------------+--------------------------+----------------------+----------------+------------+
| PYTHON       | ruff                     | .py                  | 2              | yes        |
| BASH         | bash-exec                | .sh|.bash|.dash|.ksh | 3              | no         |
| BASH         | shellcheck               | .sh|.bash|.dash|.ksh | 3              | no         |
| BASH         | shfmt                    | .sh|.bash|.dash|.ksh | 3              | yes        |
| EDITORCONFIG | editorconfig-checker     | *                    | 76             | no         |
| JSON         | jsonlint                 | .json                | 2              | no         |
| JSON         | eslint-plugin-jsonc      | .json|.json5|.jsonc  | 2              | yes        |
| JSON         | prettier                 | .json                | 2              | yes        |
| MARKDOWN     | markdownlint             | .md                  | 10             | yes        |
| MARKDOWN     | markdown-link-check      | .md                  | 11             | no         |
| MARKDOWN     | markdown-table-formatter | .md                  | 11             | yes        |
| REPOSITORY   | git_diff                 |                      | project        | no         |
| REPOSITORY   | gitleaks                 |                      | project        | no         |
| REPOSITORY   | secretlint               |                      | project        | no         |
| YAML         | prettier                 | .yml|.yaml           | 4              | yes        |
+--------------+--------------------------+----------------------+----------------+------------+
::endgroup::
Processing linters on [4] parallel cores…
[GitHub Status Reporter] Error posting Status for PYTHONwith ruff: 403
GitHub API response: {"message":"Resource not accessible by integration","documentation_url":"https://docs.github.com/rest/commits/statuses#create-a-commit-status"}
[GitHub Status Reporter] Error posting Status for BASHwith shfmt: 403
GitHub API response: {"message":"Resource not accessible by integration","documentation_url":"https://docs.github.com/rest/commits/statuses#create-a-commit-status"}
::group::[32m✅ Linted [PYTHON] files with [ruff] successfully - (0.04s)[0m (expand for details)
- Using [ruff v0.3.2] https://megalinter.io/7.10.0/descriptors/python_ruff
- MegaLinter key: [PYTHON_RUFF]
- Rules config: [/github/workspace/.github/linters/.ruff.toml]
- Number of files analyzed: [2]
::endgroup::
::group::[32m✅ Linted [BASH] files with [shfmt] successfully - (0.03s)[0m (expand for details)
- Using [shfmt v3.8.0] https://megalinter.io/7.10.0/descriptors/bash_shfmt
- MegaLinter key: [BASH_SHFMT]
- Rules config: identified by [shfmt]
- Number of files analyzed: [3]
::endgroup::
[GitHub Status Reporter] Error posting Status for YAMLwith prettier: 403
GitHub API response: {"message":"Resource not accessible by integration","documentation_url":"https://docs.github.com/rest/commits/statuses#create-a-commit-status"}
::group::[32m✅ Linted [YAML] files with [prettier] successfully - (0.5s)[0m (expand for details)
- Using [prettier v3.2.5] https://megalinter.io/7.10.0/descriptors/yaml_prettier
- MegaLinter key: [YAML_PRETTIER]
- Rules config: identified by [prettier]
- Number of files analyzed: [4]
::endgroup::
[GitHub Status Reporter] Error posting Status for MARKDOWNwith markdownlint: 403
GitHub API response: {"message":"Resource not accessible by integration","documentation_url":"https://docs.github.com/rest/commits/statuses#create-a-commit-status"}
::group::[33m✅ Linted [MARKDOWN] files with [markdownlint]: Found 26 non blocking error(s) - (1.09s)[0m (expand for details)
- Using [markdownlint v0.39.0] https://megalinter.io/7.10.0/descriptors/markdown_markdownlint
- MegaLinter key: [MARKDOWN_MARKDOWNLINT]
- Rules config: [/github/workspace/.github/linters/.markdownlint.json]
- Number of files analyzed: [10]
--Error detail:
docs/HPC-UGE-scheduler.md:19 MD040/fenced-code-language Fenced code blocks should have a language specified [Context: "```"]
docs/HPC-UGE-scheduler.md:25 MD040/fenced-code-language Fenced code blocks should have a language specified [Context: "```"]
docs/HPC-UGE-scheduler.md:40 MD040/fenced-code-language Fenced code blocks should have a language specified [Context: "```"]
docs/HPC-UGE-scheduler.md:48 MD040/fenced-code-language Fenced code blocks should have a language specified [Context: "```"]
docs/HPC-UGE-scheduler.md:60 MD040/fenced-code-language Fenced code blocks should have a language specified [Context: "```"]
docs/HPC-UGE-scheduler.md:67 MD040/fenced-code-language Fenced code blocks should have a language specified [Context: "```"]
docs/HPC-UGE-scheduler.md:77 MD040/fenced-code-language Fenced code blocks should have a language specified [Context: "```"]
docs/local-device.md:19 MD040/fenced-code-language Fenced code blocks should have a language specified [Context: "```"]
docs/local-device.md:27 MD040/fenced-code-language Fenced code blocks should have a language specified [Context: "```"]
docs/local-device.md:37 MD040/fenced-code-language Fenced code blocks should have a language specified [Context: "```"]
docs/local-device.md:47 MD040/fenced-code-language Fenced code blocks should have a language specified [Context: "```"]
docs/local-device.md:60 MD040/fenced-code-language Fenced code blocks should have a language specified [Context: "```"]
docs/local-device.md:71 MD040/fenced-code-language Fenced code blocks should have a language specified [Context: "```"]
README.md:39 MD040/fenced-code-language Fenced code blocks should have a language specified [Context: "```"]
README.md:45 MD040/fenced-code-language Fenced code blocks should have a language specified [Context: "```"]
README.md:59 MD040/fenced-code-language Fenced code blocks should have a language specified [Context: "```"]
README.md:65 MD040/fenced-code-language Fenced code blocks should have a language specified [Context: "```"]
README.md:87 MD040/fenced-code-language Fenced code blocks should have a language specified [Context: "```"]
README.md:88:121 MD013/line-length Line length [Expected: 120; Actual: 164]
README.md:99 MD001/heading-increment Heading levels should only increment by one level at a time [Expected: h3; Actual: h4]
README.md:101 MD040/fenced-code-language Fenced code blocks should have a language specified [Context: "```"]
README.md:105:121 MD013/line-length Line length [Expected: 120; Actual: 189]
README.md:107:121 MD013/line-length Line length [Expected: 120; Actual: 163]
README.md:115:121 MD013/line-length Line length [Expected: 120; Actual: 146]
README.md:123:121 MD013/line-length Line length [Expected: 120; Actual: 142]
README.md:130 MD040/fenced-code-language Fenced code blocks should have a language specified [Context: "```"]

::endgroup::
[GitHub Status Reporter] Error posting Status for MARKDOWNwith markdown-table-formatter: 403
GitHub API response: {"message":"Resource not accessible by integration","documentation_url":"https://docs.github.com/rest/commits/statuses#create-a-commit-status"}
::group::[32m✅ Linted [MARKDOWN] files with [markdown-table-formatter] successfully - (0.45s)[0m (expand for details)
- Using [markdown-table-formatter v1.5.0] https://megalinter.io/7.10.0/descriptors/markdown_markdown_table_formatter
- MegaLinter key: [MARKDOWN_MARKDOWN_TABLE_FORMATTER]
- Rules config: identified by [markdown-table-formatter]
- Number of files analyzed: [11]
::endgroup::
[SARIF Reporter] Generated REPOSITORY_SECRETLINT report: /github/workspace/megalinter-reports/sarif/REPOSITORY_SECRETLINT.sarif
[GitHub Status Reporter] Error posting Status for BASHwith bash-exec: 403
GitHub API response: {"message":"Resource not accessible by integration","documentation_url":"https://docs.github.com/rest/commits/statuses#create-a-commit-status"}
::group::[32m✅ Linted [BASH] files with [bash-exec] successfully - (0.01s)[0m (expand for details)
- Using [bash-exec v5.2.21] https://megalinter.io/7.10.0/descriptors/bash_bash_exec
- MegaLinter key: [BASH_EXEC]
- Rules config: identified by [bash-exec]
- Number of files analyzed: [3]
::endgroup::
[SARIF Reporter] Generated BASH_SHELLCHECK report: /github/workspace/megalinter-reports/sarif/BASH_SHELLCHECK.sarif
[GitHub Status Reporter] Error posting Status for REPOSITORYwith secretlint: 403
GitHub API response: {"message":"Resource not accessible by integration","documentation_url":"https://docs.github.com/rest/commits/statuses#create-a-commit-status"}
::group::[32m✅ Linted [REPOSITORY] files with [secretlint] successfully - (1.89s)[0m (expand for details)
- Using [secretlint v8.1.2] https://megalinter.io/7.10.0/descriptors/repository_secretlint
- MegaLinter key: [REPOSITORY_SECRETLINT]
- Rules config: [.secretlintrc.json]
- Ignore file: [.secretlintignore]
::endgroup::
[GitHub Status Reporter] Error posting Status for BASHwith shellcheck: 403
GitHub API response: {"message":"Resource not accessible by integration","documentation_url":"https://docs.github.com/rest/commits/statuses#create-a-commit-status"}
::group::[33m✅ Linted [BASH] files with [shellcheck]: Found 9 non blocking error(s) - (0.09s)[0m (expand for details)
- Using [shellcheck v0.10.0] https://megalinter.io/7.10.0/descriptors/bash_shellcheck
- MegaLinter key: [BASH_SHELLCHECK]
- Rules config: identified by [shellcheck]
- Number of files analyzed: [3]
--Error detail:
note: Not following: bash_functions.sh: openBinaryFile: does not exist (No such file or directory)
  ┌─ bin/run_parsnp.sh:8:8
  │
8 │ source bash_functions.sh
  │        ^^^^^^^^^^^^^^^^^
  │
  = SC1091
  = For more information: https://www.shellcheck.net/wiki/SC1091

warning: Did you forget to close this double quoted string?
   ┌─ bin/run_parsnp.sh:35:10
   │
35 │   echo """ERROR: Parsnp failed.
   │          ^
   │
   = SC1078
   = For more information: https://www.shellcheck.net/wiki/SC1078

note: This is actually an end quote, but due to next char it looks suspect.
   ┌─ bin/run_parsnp.sh:36:41
   │
36 │   Check ${output_path}/parsnpAligner.log""" >&2
   │                                         ^
   │
   = SC1079
   = For more information: https://www.shellcheck.net/wiki/SC1079

note: Not following: bash_functions.sh: openBinaryFile: does not exist (No such file or directory)
  ┌─ bin/extract_snps.sh:5:8
  │
5 │ source bash_functions.sh
  │        ^^^^^^^^^^^^^^^^^
  │
  = SC1091
  = For more information: https://www.shellcheck.net/wiki/SC1091

warning: send_mail appears unused. Verify use (or export if used externally).
  ┌─ bin/bash_functions.sh:3:1
  │
3 │ send_mail=true
  │ ^^^^^^^^^
  │
  = SC2034
  = For more information: https://www.shellcheck.net/wiki/SC2034

error: Argument mixes string and array. Use * or separate argument.
  ┌─ bin/bash_functions.sh:9:43
  │
9 │   echo "[$(date '+%Y-%b-%d %a %H:%M:%S')] $@"
  │                                           ^^
  │
  = SC2145
  = For more information: https://www.shellcheck.net/wiki/SC2145

note: Double quote to prevent globbing and word splitting.
   ┌─ bin/bash_functions.sh:47:42
   │
47 │         msg "ERROR: ${2} file $(basename ${1}) present but too small (less than ${3})" >&2
   │                                          ^^^^
   │
   ┌─ bin/bash_functions.sh:47:42
   │
47 │         msg "ERROR: ${2} file $(basename ${1}) present but too small (less than ${3})" >&2
   │                                          -
   │
   ┌─ bin/bash_functions.sh:47:46
   │
47 │         msg "ERROR: ${2} file $(basename ${1}) present but too small (less than ${3})" >&2
   │                                              -
   │
   = SC2086
   = For more information: https://www.shellcheck.net/wiki/SC2086

note: Double quote to prevent globbing and word splitting.
   ┌─ bin/bash_functions.sh:51:40
   │
51 │       msg "ERROR: ${2} file $(basename ${1}) present but empty" >&2
   │                                        ^^^^
   │
   ┌─ bin/bash_functions.sh:51:40
   │
51 │       msg "ERROR: ${2} file $(basename ${1}) present but empty" >&2
   │                                        -
   │
   ┌─ bin/bash_functions.sh:51:44
   │
51 │       msg "ERROR: ${2} file $(basename ${1}) present but empty" >&2
   │                                            -
   │
   = SC2086
   = For more information: https://www.shellcheck.net/wiki/SC2086

note: Double quote to prevent globbing and word splitting.
   ┌─ bin/bash_functions.sh:55:38
   │
55 │     msg "ERROR: ${2} file $(basename ${1}) absent" >&2
   │                                      ^^^^
   │
   ┌─ bin/bash_functions.sh:55:38
   │
55 │     msg "ERROR: ${2} file $(basename ${1}) absent" >&2
   │                                      -
   │
   ┌─ bin/bash_functions.sh:55:42
   │
55 │     msg "ERROR: ${2} file $(basename ${1}) absent" >&2
   │                                          -
   │
   = SC2086
   = For more information: https://www.shellcheck.net/wiki/SC2086

warning: 2 warnings emitted
error: 2 errors emitted

::endgroup::
[GitHub Status Reporter] Error posting Status for EDITORCONFIGwith editorconfig-checker: 403
GitHub API response: {"message":"Resource not accessible by integration","documentation_url":"https://docs.github.com/rest/commits/statuses#create-a-commit-status"}
::group::[33m✅ Linted [EDITORCONFIG] files with [editorconfig-checker]: Found 1 non blocking error(s) - (0.21s)[0m (expand for details)
- Using [editorconfig-checker v2.7.2] https://megalinter.io/7.10.0/descriptors/editorconfig_editorconfig_checker
- MegaLinter key: [EDITORCONFIG_EDITORCONFIG_CHECKER]
- Rules config: identified by [editorconfig-checker]
- Number of files analyzed: [76]
--Error detail:
[33;1mREADME.md:[33;0m
[31;1m	143: Wrong amount of left-padding spaces(want multiple of 2)[33;0m
[31;1m	145: Wrong amount of left-padding spaces(want multiple of 2)[33;0m
[33;1mdocs/usage.md:[33;0m
[31;1m	169: Wrong amount of left-padding spaces(want multiple of 2)[33;0m
[31;1m	171: Wrong amount of left-padding spaces(want multiple of 2)[33;0m
[31;1m	172: Wrong amount of left-padding spaces(want multiple of 2)[33;0m
[31;1m	173: Wrong amount of left-padding spaces(want multiple of 2)[33;0m
[31;1m	174: Wrong amount of left-padding spaces(want multiple of 2)[33;0m
[31;1m	175: Wrong amount of left-padding spaces(want multiple of 2)[33;0m
[31;1m	176: Wrong amount of left-padding spaces(want multiple of 2)[33;0m
[31;1m	177: Wrong amount of left-padding spaces(want multiple of 2)[33;0m
[31;1m	179: Wrong amount of left-padding spaces(want multiple of 2)[33;0m
[31;1m	181: Wrong amount of left-padding spaces(want multiple of 2)[33;0m
[31;1m	182: Wrong amount of left-padding spaces(want multiple of 2)[33;0m
[31;1m	183: Wrong amount of left-padding spaces(want multiple of 2)[33;0m
[31;1m	184: Wrong amount of left-padding spaces(want multiple of 2)[33;0m
[31;1m	185: Wrong amount of left-padding spaces(want multiple of 2)[33;0m
[31;1m	186: Wrong amount of left-padding spaces(want multiple of 2)[33;0m
[31;1m	187: Wrong amount of left-padding spaces(want multiple of 2)[33;0m
[31;1m	189: Wrong amount of left-padding spaces(want multiple of 2)[33;0m
[31;1m	191: Wrong amount of left-padding spaces(want multiple of 2)[33;0m
[31;1m	192: Wrong amount of left-padding spaces(want multiple of 2)[33;0m
[31;1m	193: Wrong amount of left-padding spaces(want multiple of 2)[33;0m
[31;1m	194: Wrong amount of left-padding spaces(want multiple of 2)[33;0m
[31;1m	195: Wrong amount of left-padding spaces(want multiple of 2)[33;0m
[31;1m	196: Wrong amount of left-padding spaces(want multiple of 2)[33;0m
[31;1m	197: Wrong amount of left-padding spaces(want multiple of 2)[33;0m
[33;1mmodules.nf:[33;0m
[31;1m	28: Trailing whitespace[33;0m
[31;1m	47: Trailing whitespace[33;0m
[33;1mmodules/local/build_phylogenetic_tree_parsnp/params.config:[33;0m
[31;1m	Wrong line endings or no final newline[33;0m
[31;1m
29 errors found[33;0m

::endgroup::
[GitHub Status Reporter] Error posting Status for JSONwith jsonlint: 403
GitHub API response: {"message":"Resource not accessible by integration","documentation_url":"https://docs.github.com/rest/commits/statuses#create-a-commit-status"}
::group::[32m✅ Linted [JSON] files with [jsonlint] successfully - (0.18s)[0m (expand for details)
- Using [jsonlint v14.0.3] https://megalinter.io/7.10.0/descriptors/json_jsonlint
- MegaLinter key: [JSON_JSONLINT]
- Rules config: identified by [jsonlint]
- Number of files analyzed: [2]
::endgroup::
[GitHub Status Reporter] Error posting Status for REPOSITORYwith git_diff: 403
GitHub API response: {"message":"Resource not accessible by integration","documentation_url":"https://docs.github.com/rest/commits/statuses#create-a-commit-status"}
::group::[32m✅ Linted [REPOSITORY] files with [git_diff] successfully - (0.03s)[0m (expand for details)
- Using [git_diff v2.43.0] https://megalinter.io/7.10.0/descriptors/repository_git_diff
- MegaLinter key: [REPOSITORY_GIT_DIFF]
- Rules config: identified by [git_diff]
::endgroup::
[SARIF Reporter] Generated JSON_ESLINT_PLUGIN_JSONC report: /github/workspace/megalinter-reports/sarif/JSON_ESLINT_PLUGIN_JSONC.sarif
[GitHub Status Reporter] Error posting Status for JSONwith eslint-plugin-jsonc: 403
GitHub API response: {"message":"Resource not accessible by integration","documentation_url":"https://docs.github.com/rest/commits/statuses#create-a-commit-status"}
::group::[32m✅ Linted [JSON] files with [eslint-plugin-jsonc] successfully - (4.93s)[0m (expand for details)
- Using [eslint-plugin-jsonc v2.13.0] https://megalinter.io/7.10.0/descriptors/json_eslint_plugin_jsonc
- MegaLinter key: [JSON_ESLINT_PLUGIN_JSONC]
- Rules config: [.eslintrc-json.json]
- Number of files analyzed: [2]
::endgroup::
[GitHub Status Reporter] Error posting Status for JSONwith prettier: 403
GitHub API response: {"message":"Resource not accessible by integration","documentation_url":"https://docs.github.com/rest/commits/statuses#create-a-commit-status"}
[SARIF Reporter] Generated REPOSITORY_GITLEAKS report: /github/workspace/megalinter-reports/sarif/REPOSITORY_GITLEAKS.sarif
[GitHub Status Reporter] Error posting Status for REPOSITORYwith gitleaks: 403
GitHub API response: {"message":"Resource not accessible by integration","documentation_url":"https://docs.github.com/rest/commits/statuses#create-a-commit-status"}
::group::[32m✅ Linted [JSON] files with [prettier] successfully - (0.46s)[0m (expand for details)
- Using [prettier v3.2.5] https://megalinter.io/7.10.0/descriptors/json_prettier
- MegaLinter key: [JSON_PRETTIER]
- Rules config: identified by [prettier]
- Number of files analyzed: [2]
::endgroup::
::group::[32m✅ Linted [REPOSITORY] files with [gitleaks] successfully - (2.41s)[0m (expand for details)
- Using [gitleaks v8.18.2] https://megalinter.io/7.10.0/descriptors/repository_gitleaks
- MegaLinter key: [REPOSITORY_GITLEAKS]
- Rules config: [/github/workspace/.github/linters/gitleaks.toml]
::endgroup::
[GitHub Status Reporter] Error posting Status for MARKDOWNwith markdown-link-check: 403
GitHub API response: {"message":"Resource not accessible by integration","documentation_url":"https://docs.github.com/rest/commits/statuses#create-a-commit-status"}
::group::[33m✅ Linted [MARKDOWN] files with [markdown-link-check]: Found 3 non blocking error(s) - (11.81s)[0m (expand for details)
- Using [markdown-link-check v3.11.2] https://megalinter.io/7.10.0/descriptors/markdown_markdown_link_check
- MegaLinter key: [MARKDOWN_MARKDOWN_LINK_CHECK]
- Rules config: [/github/workspace/.github/linters/.markdown-link-check.json]
- Number of files analyzed: [11]
--Error detail:
(node:76) [DEP0040] DeprecationWarning: The `punycode` module is deprecated. Please use a userland alternative instead.
(Use `node --trace-deprecation ...` to show where the warning was created)

  ERROR: 1 dead links found in README.md !
  [✖] https://github.com/bacterial-genomics/wf-assembly-snps/actions/workflows/mega-linter.yml/badge.svg → Status: 404

  ERROR: 1 dead links found in docs/HPC-UGE-scheduler.md !
  [✖] docs/images/wf-assembly-snps_logo_light.png → Status: 400

  ERROR: 1 dead links found in docs/local-device.md !
  [✖] docs/images/wf-assembly-snps_logo_light.png → Status: 400

::endgroup::
[File.io Reporter] Reports are available at https://file.io/SfZwmOxc6qdp
[SARIF Reporter] Generated SARIF report: /github/workspace/megalinter-reports/megalinter-report.sarif

+----SUMMARY------+--------------------------+---------------+-------+-------+--------+--------------+
| Descriptor      | Linter                   | Mode          | Files | Fixed | Errors | Elapsed time |
+-----------------+--------------------------+---------------+-------+-------+--------+--------------+
| ✅ BASH         | bash-exec                | file          |     3 |       |      0 |        0.01s |
| ⚠️ BASH         | shellcheck               | list_of_files |     3 |       |      9 |        0.09s |
| ✅ BASH         | shfmt                    | list_of_files |     3 |     3 |      0 |        0.03s |
| ⚠️ EDITORCONFIG | editorconfig-checker     | list_of_files |    76 |       |      1 |        0.21s |
| ✅ JSON         | eslint-plugin-jsonc      | list_of_files |     2 |     0 |      0 |        4.93s |
| ✅ JSON         | jsonlint                 | list_of_files |     2 |       |      0 |        0.18s |
| ✅ JSON         | prettier                 | list_of_files |     2 |     0 |      0 |        0.46s |
| ⚠️ MARKDOWN     | markdownlint             | list_of_files |    10 |     3 |     26 |        1.09s |
| ⚠️ MARKDOWN     | markdown-link-check      | list_of_files |    11 |       |      3 |       11.81s |
| ✅ MARKDOWN     | markdown-table-formatter | list_of_files |    11 |     3 |      0 |        0.45s |
| ✅ PYTHON       | ruff                     | list_of_files |     2 |     0 |      0 |        0.04s |
| ✅ REPOSITORY   | gitleaks                 | project       |   n/a |       |      0 |        2.41s |
| ✅ REPOSITORY   | git_diff                 | project       |   n/a |       |      0 |        0.03s |
| ✅ REPOSITORY   | secretlint               | project       |   n/a |       |      0 |        1.89s |
| ✅ YAML         | prettier                 | list_of_files |     4 |     0 |      0 |         0.5s |
+-----------------+--------------------------+---------------+-------+-------+--------+--------------+

[34mYou could have same capabilities but better runtime performances if you use a MegaLinter flavor:[0m
- [python] oxsecurity/megalinter/flavors/python@v7 (62 linters) https://megalinter.io/7.10.0/flavors/python/
- [cupcake] oxsecurity/megalinter/flavors/cupcake@v7 (84 linters) https://megalinter.io/7.10.0/flavors/cupcake/

[Updated Sources Reporter] copied 6 fixed source files in folder /github/workspace/megalinter-reports/updated_sources.
Download it from artifacts then copy-paste it in your local repo to apply linters updates
[GitHub Comment Reporter] Posted summary as comment on gregorysprenger/wf-assembly-snps #PR1
[33m⚠️ Successfully linted all files, but with ignored errors[0m
